<?xml version="1.0" encoding="UTF-8"?>
<testsuites name="Mocha Tests" time="1.583" tests="1" failures="1">
  <testsuite name="Root Suite" timestamp="2025-04-21T18:30:24" tests="0" file="cypress\e2e\BDD\Features\Example1.feature" time="0.000" failures="0">
  </testsuite>
  <testsuite name="Sample Feature" timestamp="2025-04-21T18:30:24" tests="1" time="1.581" failures="1">
    <testcase name="Sample Feature Sample Scenario" time="0.000" classname="Sample Scenario">
      <failure message="
Step implementation missing for &quot;I navigate to Google&quot;.

We tried searching for files containing step definitions using the following search pattern templates:

  - cypress\e2e\BDD\Features/[filepath]/**/*.{js,mjs,ts,tsx}
  - cypress\e2e\BDD\Features/[filepath].{js,mjs,ts,tsx}
  - cypress/support/step_definitions/**/*.{js,mjs,ts,tsx}

These templates resolved to the following search patterns:

  - cypress\e2e\BDD\Features/Example1/**/*.{js,mjs,ts,tsx}
  - cypress\e2e\BDD\Features/Example1.{js,mjs,ts,tsx}
  - cypress/support/step_definitions/**/*.{js,mjs,ts,tsx}

These patterns matched **no files** containing step definitions. This almost certainly means that you have misconfigured `stepDefinitions`.

You can implement it using the suggestion(s) below.

  Given(&quot;I navigate to Google&quot;, function () {
    return &quot;pending&quot;;
  });
  " type="Error"><![CDATA[Error: 
Step implementation missing for "I navigate to Google".

We tried searching for files containing step definitions using the following search pattern templates:

  - cypress\e2e\BDD\Features/[filepath]/**/*.{js,mjs,ts,tsx}
  - cypress\e2e\BDD\Features/[filepath].{js,mjs,ts,tsx}
  - cypress/support/step_definitions/**/*.{js,mjs,ts,tsx}

These templates resolved to the following search patterns:

  - cypress\e2e\BDD\Features/Example1/**/*.{js,mjs,ts,tsx}
  - cypress\e2e\BDD\Features/Example1.{js,mjs,ts,tsx}
  - cypress/support/step_definitions/**/*.{js,mjs,ts,tsx}

These patterns matched **no files** containing step definitions. This almost certainly means that you have misconfigured `stepDefinitions`.

You can implement it using the suggestion(s) below.

  Given("I navigate to Google", function () {
    return "pending";
  });
  
    at Context.eval (node_modules/@badeball/cypress-cucumber-preprocessor/dist/browser-runtime.js:509:0)
    at getRet (http://localhost:52377/__cypress/runner/cypress_runner.js:119652:20)
    at tryCatcher (http://localhost:52377/__cypress/runner/cypress_runner.js:1777:23)
    at Promise.attempt.Promise.try (http://localhost:52377/__cypress/runner/cypress_runner.js:4285:29)
    at Context.thenFn (http://localhost:52377/__cypress/runner/cypress_runner.js:119663:66)
    at Context.then (http://localhost:52377/__cypress/runner/cypress_runner.js:119914:21)
    at wrapped (http://localhost:52377/__cypress/runner/cypress_runner.js:140191:19)
    at <unknown> (http://localhost:52377/__cypress/runner/cypress_runner.js:146136:15)
    at tryCatcher (http://localhost:52377/__cypress/runner/cypress_runner.js:1777:23)]]></failure>
    </testcase>
  </testsuite>
</testsuites>